<?xml version="1.0" encoding="UTF-8"?>
<!-- Generated by org.testng.reporters.JUnitXMLReporter -->
<testsuite hostname="Shivkumar-PC" ignored="0" name="Test" tests="6" failures="2" timestamp="14 Jul 2018 04:55:50 GMT" time="56.118" errors="0">
  <testcase name="Testcase1" time="48.433" classname="com.hcl.dbtest.naukri">
    <failure type="java.lang.NullPointerException">
      <![CDATA[java.lang.NullPointerException
at com.hcl.dbprop.prop.fnamefill(prop.java:59)
at com.hcl.dbtest.naukri.Testcase1(naukri.java:29)
... Removed 25 stack frames]]>
    </failure>
  </testcase> <!-- Testcase1 -->
  <testcase name="Testcase2" time="2.057" classname="com.hcl.dbtest.naukri"/>
  <testcase name="Testcase3" time="2.659" classname="com.hcl.dbtest.naukri">
    <failure type="java.io.FileNotFoundException" message="D:\Shivkumar\ShivMaven\SnapShotFolder\Snap07\14\2018 10:25:47.png (The filename, directory name, or volume label syntax is incorrect)">
      <![CDATA[java.io.FileNotFoundException: D:\Shivkumar\ShivMaven\SnapShotFolder\Snap07\14\2018 10:25:47.png (The filename, directory name, or volume label syntax is incorrect)
at java.io.FileOutputStream.open0(Native Method)
at java.io.FileOutputStream.open(Unknown Source)
at java.io.FileOutputStream.<init>(Unknown Source)
at java.io.FileOutputStream.<init>(Unknown Source)
at org.apache.commons.io.FileUtils.doCopyFile(FileUtils.java:1139)
at org.apache.commons.io.FileUtils.copyFile(FileUtils.java:1091)
at org.apache.commons.io.FileUtils.copyFile(FileUtils.java:1038)
at com.hcl.dbprop.prop.screenshotmethod(prop.java:110)
at com.hcl.dbtest.naukri.Testcase3(naukri.java:51)
... Removed 25 stack frames]]>
    </failure>
  </testcase> <!-- Testcase3 -->
  <testcase name="Testcase4" time="0.089" classname="com.hcl.dbtest.naukri"/>
  <testcase name="Testcase5" time="0.138" classname="com.hcl.dbtest.naukri"/>
  <testcase name="Testcase6" time="0.073" classname="com.hcl.dbtest.naukri"/>
</testsuite> <!-- Test -->
